<?xml version="1.0" encoding="UTF-8"?>
<testng-results skipped="0" failed="0" total="1" passed="1">
  <reporter-output>
  </reporter-output>
  <suite name="Default suite" duration-ms="81411" started-at="2019-09-08T09:42:30Z" finished-at="2019-09-08T09:43:51Z">
    <groups>
    </groups>
    <test name="Default test" duration-ms="81411" started-at="2019-09-08T09:42:30Z" finished-at="2019-09-08T09:43:51Z">
      <class name="testCases.EndToEndScenario">
        <test-method status="PASS" signature="setUpReport()[pri:0, instance:testCases.EndToEndScenario@3e6fa38a]" name="setUpReport" is-config="true" duration-ms="191" started-at="2019-09-08T15:12:30Z" finished-at="2019-09-08T15:12:30Z">
          <reporter-output>
          </reporter-output>
        </test-method> <!-- setUpReport -->
        <test-method status="PASS" signature="startBrowser()[pri:0, instance:testCases.EndToEndScenario@3e6fa38a]" name="startBrowser" is-config="true" duration-ms="6914" started-at="2019-09-08T15:12:30Z" finished-at="2019-09-08T15:12:37Z">
          <reporter-output>
          </reporter-output>
        </test-method> <!-- startBrowser -->
        <test-method status="PASS" signature="hrmTestCase()[pri:0, instance:testCases.EndToEndScenario@3e6fa38a]" name="hrmTestCase" duration-ms="73499" started-at="2019-09-08T15:12:37Z" finished-at="2019-09-08T15:13:50Z">
          <reporter-output>
          </reporter-output>
        </test-method> <!-- hrmTestCase -->
        <test-method status="PASS" signature="closeBrowser()[pri:0, instance:testCases.EndToEndScenario@3e6fa38a]" name="closeBrowser" is-config="true" duration-ms="988" started-at="2019-09-08T15:13:50Z" finished-at="2019-09-08T15:13:51Z">
          <reporter-output>
          </reporter-output>
        </test-method> <!-- closeBrowser -->
        <test-method status="PASS" signature="tearDown()[pri:0, instance:testCases.EndToEndScenario@3e6fa38a]" name="tearDown" is-config="true" duration-ms="199" started-at="2019-09-08T15:13:51Z" finished-at="2019-09-08T15:13:52Z">
          <reporter-output>
          </reporter-output>
        </test-method> <!-- tearDown -->
      </class> <!-- testCases.EndToEndScenario -->
    </test> <!-- Default test -->
  </suite> <!-- Default suite -->
</testng-results>
