<?xml version="1.0" encoding="UTF-8"?>
<testng-results skipped="0" failed="0" total="1" passed="1">
  <reporter-output>
  </reporter-output>
  <suite name="Default suite" duration-ms="168705" started-at="2019-09-11T06:09:05Z" finished-at="2019-09-11T06:11:54Z">
    <groups>
    </groups>
    <test name="Default test" duration-ms="168705" started-at="2019-09-11T06:09:05Z" finished-at="2019-09-11T06:11:54Z">
      <class name="testCases.EndToEndScenario">
        <test-method status="PASS" signature="setUpReport()[pri:0, instance:testCases.EndToEndScenario@3e6fa38a]" name="setUpReport" is-config="true" duration-ms="420" started-at="2019-09-11T11:39:05Z" finished-at="2019-09-11T11:39:05Z">
          <reporter-output>
          </reporter-output>
        </test-method> <!-- setUpReport -->
        <test-method status="PASS" signature="startBrowser()[pri:0, instance:testCases.EndToEndScenario@3e6fa38a]" name="startBrowser" is-config="true" duration-ms="8058" started-at="2019-09-11T11:39:05Z" finished-at="2019-09-11T11:39:14Z">
          <reporter-output>
          </reporter-output>
        </test-method> <!-- startBrowser -->
        <test-method status="PASS" signature="hrmTestCase()[pri:0, instance:testCases.EndToEndScenario@3e6fa38a]" name="hrmTestCase" duration-ms="159736" started-at="2019-09-11T11:39:14Z" finished-at="2019-09-11T11:41:53Z">
          <reporter-output>
          </reporter-output>
        </test-method> <!-- hrmTestCase -->
        <test-method status="PASS" signature="closeBrowser()[pri:0, instance:testCases.EndToEndScenario@3e6fa38a]" name="closeBrowser" is-config="true" duration-ms="894" started-at="2019-09-11T11:41:53Z" finished-at="2019-09-11T11:41:54Z">
          <reporter-output>
          </reporter-output>
        </test-method> <!-- closeBrowser -->
        <test-method status="PASS" signature="tearDown()[pri:0, instance:testCases.EndToEndScenario@3e6fa38a]" name="tearDown" is-config="true" duration-ms="321" started-at="2019-09-11T11:41:54Z" finished-at="2019-09-11T11:41:54Z">
          <reporter-output>
          </reporter-output>
        </test-method> <!-- tearDown -->
      </class> <!-- testCases.EndToEndScenario -->
    </test> <!-- Default test -->
  </suite> <!-- Default suite -->
</testng-results>
